[I 2024-12-09 17:22:44,488] Trial 3 finished with value: 0.576760603464828 and parameters: {'n_estimators': 132, 'max_depth': 8, 'min_samples_split': 2}. Best is trial 1 with value: 0.5780985922173715.
[rf]	training fold 1
[etc]	fold 1 took 9.10 seconds
[etc]	training fold 2
[etc]	fold 2 took 9.07 seconds
[etc]	training fold 3
[etc]	fold 3 took 8.95 seconds
[etc]	training fold 4
[etc]	fold 4 took 9.35 seconds
[etc]	training fold 5
[etc]	fold 5 took 9.59 seconds
[etc]	AUC: 0.57339467070612
[I 2024-12-09 17:23:26,572] Trial 17 finished with value: 0.57339467070612 and parameters: {'n_estimators': 435, 'max_depth': 11, 'min_samples_split': 8}. Best is trial 5 with value: 0.5807200213356678.
[etc]	training fold 1
[etc]	fold 1 took 1.71 seconds
[etc]	training fold 2
[etc]	fold 2 took 1.72 seconds
[etc]	training fold 3
[etc]	fold 3 took 1.60 seconds
[etc]	training fold 4
[etc]	fold 4 took 1.59 seconds
[etc]	training fold 5
[etc]	fold 5 took 1.54 seconds
[etc]	AUC: 0.5772573178013733
[I 2024-12-09 17:23:34,759] Trial 18 finished with value: 0.5772573178013733 and parameters: {'n_estimators': 146, 'max_depth': 6, 'min_samples_split': 6}. Best is trial 5 with value: 0.5807200213356678.
[etc]	training fold 1
[etc]	fold 1 took 5.51 seconds
[etc]	training fold 2
[etc]	fold 2 took 6.09 seconds
[etc]	training fold 3
[rf]	fold 1 took 65.42 seconds
[rf]	training fold 2
[etc]	fold 3 took 5.82 seconds
[etc]	training fold 4
[etc]	fold 4 took 5.49 seconds
[etc]	training fold 5
[etc]	fold 5 took 5.54 seconds
[etc]	AUC: 0.5773130687245538
[I 2024-12-09 17:24:03,237] Trial 19 finished with value: 0.5773130687245538 and parameters: {'n_estimators': 332, 'max_depth': 9, 'min_samples_split': 4}. Best is trial 5 with value: 0.5807200213356678.
[etc]	Best params for etc: {'n_estimators': 245, 'max_depth': 8, 'min_samples_split': 6}
[rf]	fold 2 took 63.15 seconds
[rf]	training fold 3
[rf]	fold 3 took 62.22 seconds
[rf]	training fold 4
[rf]	fold 4 took 62.68 seconds
[rf]	training fold 5
[rf]	fold 5 took 62.65 seconds
[rf]	AUC: 0.5675562229187134
[I 2024-12-09 17:28:00,611] Trial 4 finished with value: 0.5675562229187134 and parameters: {'n_estimators': 386, 'max_depth': 15, 'min_samples_split': 8}. Best is trial 1 with value: 0.5780985922173715.
[rf]	training fold 1
[rf]	fold 1 took 10.83 seconds
[rf]	training fold 2
[rf]	fold 2 took 10.87 seconds
[rf]	training fold 3
[rf]	fold 3 took 10.99 seconds
[rf]	training fold 4
[rf]	fold 4 took 10.72 seconds
[rf]	training fold 5
[rf]	fold 5 took 11.03 seconds
[rf]	AUC: 0.5773685524174255
[I 2024-12-09 17:28:55,050] Trial 5 finished with value: 0.5773685524174255 and parameters: {'n_estimators': 170, 'max_depth': 5, 'min_samples_split': 9}. Best is trial 1 with value: 0.5780985922173715.
[rf]	training fold 1
[rf]	fold 1 took 85.00 seconds
[rf]	training fold 2
[rf]	fold 2 took 84.14 seconds
[rf]	training fold 3
[rf]	fold 3 took 83.15 seconds
[rf]	training fold 4
[rf]	fold 4 took 82.62 seconds
[rf]	training fold 5
[rf]	fold 5 took 85.22 seconds
[rf]	AUC: 0.5600866013261838
[I 2024-12-09 17:35:55,184] Trial 6 finished with value: 0.5600866013261838 and parameters: {'n_estimators': 471, 'max_depth': 19, 'min_samples_split': 3}. Best is trial 1 with value: 0.5780985922173715.
[rf]	training fold 1
[rf]	fold 1 took 14.66 seconds
[rf]	training fold 2
[rf]	fold 2 took 13.82 seconds
[rf]	training fold 3
[rf]	fold 3 took 13.07 seconds
[rf]	training fold 4
[rf]	fold 4 took 13.35 seconds
[rf]	training fold 5
[rf]	fold 5 took 13.72 seconds
[rf]	AUC: 0.5566507544379272
[I 2024-12-09 17:37:03,801] Trial 7 finished with value: 0.5566507544379272 and parameters: {'n_estimators': 77, 'max_depth': 19, 'min_samples_split': 10}. Best is trial 1 with value: 0.5780985922173715.
[rf]	training fold 1
[rf]	fold 1 took 27.02 seconds
[rf]	training fold 2
[rf]	fold 2 took 25.16 seconds
[rf]	training fold 3
[rf]	fold 3 took 26.63 seconds
[rf]	training fold 4
[rf]	fold 4 took 27.02 seconds
[rf]	training fold 5
[rf]	fold 5 took 25.65 seconds
[rf]	AUC: 0.5589807020968627
[I 2024-12-09 17:39:15,289] Trial 8 finished with value: 0.5589807020968627 and parameters: {'n_estimators': 152, 'max_depth': 17, 'min_samples_split': 4}. Best is trial 1 with value: 0.5780985922173715.
[rf]	training fold 1
[rf]	fold 1 took 85.09 seconds
[rf]	training fold 2
[rf]	fold 2 took 84.82 seconds
[rf]	training fold 3
[rf]	fold 3 took 87.31 seconds
[rf]	training fold 4
[rf]	fold 4 took 84.42 seconds
[rf]	training fold 5
[rf]	fold 5 took 87.70 seconds
[rf]	AUC: 0.5598116213383936
[I 2024-12-09 17:46:24,629] Trial 9 finished with value: 0.5598116213383936 and parameters: {'n_estimators': 487, 'max_depth': 20, 'min_samples_split': 4}. Best is trial 1 with value: 0.5780985922173715.
[rf]	training fold 1
[rf]	fold 1 took 9.60 seconds
[rf]	training fold 2
[rf]	fold 2 took 9.74 seconds
[rf]	training fold 3
[rf]	fold 3 took 9.55 seconds
[rf]	training fold 4
[rf]	fold 4 took 9.71 seconds
[rf]	training fold 5
[rf]	fold 5 took 9.38 seconds
[rf]	AUC: 0.5776227886524925
[I 2024-12-09 17:47:12,640] Trial 10 finished with value: 0.5776227886524925 and parameters: {'n_estimators': 234, 'max_depth': 3, 'min_samples_split': 7}. Best is trial 1 with value: 0.5780985922173715.
[rf]	training fold 1
[rf]	fold 1 took 12.05 seconds
[rf]	training fold 2
[rf]	fold 2 took 12.43 seconds
[rf]	training fold 3
[rf]	fold 3 took 12.05 seconds
[rf]	training fold 4
[rf]	fold 4 took 12.21 seconds
[rf]	training fold 5
[rf]	fold 5 took 12.50 seconds
[rf]	AUC: 0.5796225398610749
[I 2024-12-09 17:48:13,904] Trial 11 finished with value: 0.5796225398610749 and parameters: {'n_estimators': 235, 'max_depth': 4, 'min_samples_split': 7}. Best is trial 11 with value: 0.5796225398610749.
[rf]	training fold 1
[rf]	fold 1 took 9.02 seconds
[rf]	training fold 2
[rf]	fold 2 took 9.17 seconds
[rf]	training fold 3
[rf]	fold 3 took 8.90 seconds
[rf]	training fold 4
[rf]	fold 4 took 9.07 seconds
[rf]	training fold 5
[rf]	fold 5 took 9.85 seconds
[rf]	AUC: 0.5789990915505651
[I 2024-12-09 17:48:59,932] Trial 12 finished with value: 0.5789990915505651 and parameters: {'n_estimators': 224, 'max_depth': 3, 'min_samples_split': 7}. Best is trial 11 with value: 0.5796225398610749.
[rf]	training fold 1
[rf]	fold 1 took 30.94 seconds
[rf]	training fold 2
[rf]	fold 2 took 30.75 seconds
[rf]	training fold 3
[rf]	fold 3 took 29.59 seconds
[rf]	training fold 4
[rf]	fold 4 took 30.18 seconds
[rf]	training fold 5
[rf]	fold 5 took 32.49 seconds
[rf]	AUC: 0.5734706977289833
[I 2024-12-09 17:51:33,912] Trial 13 finished with value: 0.5734706977289833 and parameters: {'n_estimators': 332, 'max_depth': 7, 'min_samples_split': 7}. Best is trial 11 with value: 0.5796225398610749.
[rf]	training fold 1
[rf]	fold 1 took 29.91 seconds
[rf]	training fold 2
[rf]	fold 2 took 30.71 seconds
[rf]	training fold 3
[rf]	fold 3 took 31.74 seconds
[rf]	training fold 4
[rf]	fold 4 took 29.42 seconds
[rf]	training fold 5
[rf]	fold 5 took 29.46 seconds
[rf]	AUC: 0.5758441371206816
[I 2024-12-09 17:54:05,169] Trial 14 finished with value: 0.5758441371206816 and parameters: {'n_estimators': 222, 'max_depth': 11, 'min_samples_split': 7}. Best is trial 11 with value: 0.5796225398610749.
[rf]	training fold 1
[rf]	fold 1 took 29.87 seconds
[rf]	training fold 2
[rf]	fold 2 took 29.38 seconds
[rf]	training fold 3
[rf]	fold 3 took 29.56 seconds
[rf]	training fold 4
[rf]	fold 4 took 30.45 seconds
[rf]	training fold 5
[rf]	fold 5 took 31.47 seconds
[rf]	AUC: 0.5759184271465374
[I 2024-12-09 17:56:35,922] Trial 15 finished with value: 0.5759184271465374 and parameters: {'n_estimators': 380, 'max_depth': 6, 'min_samples_split': 6}. Best is trial 11 with value: 0.5796225398610749.
[rf]	training fold 1
[rf]	fold 1 took 7.13 seconds
[rf]	training fold 2
[rf]	fold 2 took 7.20 seconds
[rf]	training fold 3
[rf]	fold 3 took 7.07 seconds
[rf]	training fold 4
[rf]	fold 4 took 7.37 seconds
[rf]	training fold 5
[rf]	fold 5 took 7.27 seconds
[rf]	AUC: 0.5600017222993404
[I 2024-12-09 17:57:11,991] Trial 16 finished with value: 0.5600017222993404 and parameters: {'n_estimators': 58, 'max_depth': 10, 'min_samples_split': 9}. Best is trial 11 with value: 0.5796225398610749.
[rf]	training fold 1
[rf]	fold 1 took 15.57 seconds
[rf]	training fold 2
[rf]	fold 2 took 15.29 seconds
[rf]	training fold 3
[rf]	fold 3 took 15.35 seconds
[rf]	training fold 4
[rf]	fold 4 took 17.10 seconds
[rf]	training fold 5
[rf]	fold 5 took 16.99 seconds
[rf]	AUC: 0.5791489743500324
[I 2024-12-09 17:58:32,310] Trial 17 finished with value: 0.5791489743500324 and parameters: {'n_estimators': 227, 'max_depth': 5, 'min_samples_split': 6}. Best is trial 11 with value: 0.5796225398610749.
[rf]	training fold 1
[rf]	fold 1 took 18.54 seconds
[rf]	training fold 2
[rf]	fold 2 took 17.71 seconds
[rf]	training fold 3
[rf]	fold 3 took 19.29 seconds
[rf]	training fold 4
[rf]	fold 4 took 20.21 seconds
[rf]	training fold 5
[rf]	fold 5 took 18.67 seconds
[rf]	AUC: 0.5787791610063946
[I 2024-12-09 18:00:06,753] Trial 18 finished with value: 0.5787791610063946 and parameters: {'n_estimators': 278, 'max_depth': 5, 'min_samples_split': 6}. Best is trial 11 with value: 0.5796225398610749.
[rf]	training fold 1
[rf]	fold 1 took 56.28 seconds
[rf]	training fold 2
[rf]	fold 2 took 59.18 seconds
[rf]	training fold 3
[rf]	fold 3 took 62.38 seconds
[rf]	training fold 4
[rf]	fold 4 took 59.69 seconds
[rf]	training fold 5
[rf]	fold 5 took 57.60 seconds
[rf]	AUC: 0.5664871012606456
[I 2024-12-09 18:05:01,909] Trial 19 finished with value: 0.5664871012606456 and parameters: {'n_estimators': 393, 'max_depth': 13, 'min_samples_split': 8}. Best is trial 11 with value: 0.5796225398610749.
[rf]	Best params for rf: {'n_estimators': 235, 'max_depth': 4, 'min_samples_split': 7}
Optimization done in 3068.48 seconds
[('etc', ExtraTreesClassifier(max_depth=8, min_samples_split=6, n_estimators=245)), ('dtc', DecisionTreeClassifier(max_depth=3, min_samples_split=10)), ('rf', RandomForestClassifier(max_depth=4, min_samples_split=7, n_estimators=235))]
training base model etc
[etc]	training fold 1
[etc]	fold 1 took 4.06 seconds
[etc]	training fold 2
[etc]	fold 2 took 3.80 seconds
[etc]	training fold 3
[etc]	fold 3 took 3.77 seconds
[etc]	training fold 4
[etc]	fold 4 took 3.77 seconds
[etc]	training fold 5
[etc]	fold 5 took 3.56 seconds
[etc]	AUC: 0.5774311511172698
etc took 18.97 seconds
training base model dtc
[dtc]	training fold 1
[dtc]	fold 1 took 1.23 seconds
[dtc]	training fold 2
[dtc]	fold 2 took 1.23 seconds
[dtc]	training fold 3
[dtc]	fold 3 took 1.23 seconds
[dtc]	training fold 4
[dtc]	fold 4 took 1.25 seconds
[dtc]	training fold 5
[dtc]	fold 5 took 1.25 seconds
[dtc]	AUC: 0.557731868056104
dtc took 6.19 seconds
training base model rf
[rf]	training fold 1
[rf]	fold 1 took 14.15 seconds
[rf]	training fold 2
[rf]	fold 2 took 14.40 seconds
[rf]	training fold 3
[rf]	fold 3 took 14.42 seconds
[rf]	training fold 4
[rf]	fold 4 took 13.85 seconds
[rf]	training fold 5
[rf]	fold 5 took 14.17 seconds
[rf]	AUC: 0.577434524899919
rf took 70.99 seconds
training & testing meta model
Training & Testing done in 0.02 seconds

--- 3166.07 seconds ---

